c:\users\alex\desktop\credential access model\labeldll\labeldll\x64\debug\labeldll.pch
c:\users\alex\desktop\credential access model\labeldll\labeldll\x64\debug\vc141.pdb
c:\users\alex\desktop\credential access model\labeldll\labeldll\x64\debug\vc141.idb
c:\users\alex\desktop\credential access model\labeldll\labeldll\x64\debug\pch.obj
c:\users\alex\desktop\credential access model\labeldll\labeldll\x64\debug\labeldll.obj
c:\users\alex\desktop\credential access model\labeldll\labeldll\x64\debug\dllmain.obj
c:\users\alex\desktop\credential access model\labeldll\x64\debug\labeldll.lib
c:\users\alex\desktop\credential access model\labeldll\x64\debug\labeldll.exp
c:\users\alex\desktop\credential access model\labeldll\x64\debug\labeldll.dll
c:\users\alex\desktop\credential access model\labeldll\x64\debug\labeldll.ilk
c:\users\alex\desktop\credential access model\labeldll\x64\debug\labeldll.pdb
c:\users\alex\desktop\credential access model\labeldll\labeldll\x64\debug\labeldll.tlog\cl.command.1.tlog
c:\users\alex\desktop\credential access model\labeldll\labeldll\x64\debug\labeldll.tlog\cl.read.1.tlog
c:\users\alex\desktop\credential access model\labeldll\labeldll\x64\debug\labeldll.tlog\cl.write.1.tlog
c:\users\alex\desktop\credential access model\labeldll\labeldll\x64\debug\labeldll.tlog\labeldll.write.1u.tlog
c:\users\alex\desktop\credential access model\labeldll\labeldll\x64\debug\labeldll.tlog\link.10120.delete.1.tlog
c:\users\alex\desktop\credential access model\labeldll\labeldll\x64\debug\labeldll.tlog\link.10336.delete.1.tlog
c:\users\alex\desktop\credential access model\labeldll\labeldll\x64\debug\labeldll.tlog\link.10552.delete.1.tlog
c:\users\alex\desktop\credential access model\labeldll\labeldll\x64\debug\labeldll.tlog\link.10784.delete.1.tlog
c:\users\alex\desktop\credential access model\labeldll\labeldll\x64\debug\labeldll.tlog\link.10876.delete.1.tlog
c:\users\alex\desktop\credential access model\labeldll\labeldll\x64\debug\labeldll.tlog\link.10972.delete.1.tlog
c:\users\alex\desktop\credential access model\labeldll\labeldll\x64\debug\labeldll.tlog\link.11132.delete.1.tlog
c:\users\alex\desktop\credential access model\labeldll\labeldll\x64\debug\labeldll.tlog\link.11216.delete.1.tlog
c:\users\alex\desktop\credential access model\labeldll\labeldll\x64\debug\labeldll.tlog\link.11676.delete.1.tlog
c:\users\alex\desktop\credential access model\labeldll\labeldll\x64\debug\labeldll.tlog\link.11696.delete.1.tlog
c:\users\alex\desktop\credential access model\labeldll\labeldll\x64\debug\labeldll.tlog\link.11764.delete.1.tlog
c:\users\alex\desktop\credential access model\labeldll\labeldll\x64\debug\labeldll.tlog\link.11780.delete.1.tlog
c:\users\alex\desktop\credential access model\labeldll\labeldll\x64\debug\labeldll.tlog\link.11888.delete.1.tlog
c:\users\alex\desktop\credential access model\labeldll\labeldll\x64\debug\labeldll.tlog\link.12304.delete.1.tlog
c:\users\alex\desktop\credential access model\labeldll\labeldll\x64\debug\labeldll.tlog\link.12472.delete.1.tlog
c:\users\alex\desktop\credential access model\labeldll\labeldll\x64\debug\labeldll.tlog\link.12476.delete.1.tlog
c:\users\alex\desktop\credential access model\labeldll\labeldll\x64\debug\labeldll.tlog\link.12644.delete.1.tlog
c:\users\alex\desktop\credential access model\labeldll\labeldll\x64\debug\labeldll.tlog\link.12668.delete.1.tlog
c:\users\alex\desktop\credential access model\labeldll\labeldll\x64\debug\labeldll.tlog\link.1276.delete.1.tlog
c:\users\alex\desktop\credential access model\labeldll\labeldll\x64\debug\labeldll.tlog\link.12788.delete.1.tlog
c:\users\alex\desktop\credential access model\labeldll\labeldll\x64\debug\labeldll.tlog\link.12796.delete.1.tlog
c:\users\alex\desktop\credential access model\labeldll\labeldll\x64\debug\labeldll.tlog\link.12820.delete.1.tlog
c:\users\alex\desktop\credential access model\labeldll\labeldll\x64\debug\labeldll.tlog\link.13068.delete.1.tlog
c:\users\alex\desktop\credential access model\labeldll\labeldll\x64\debug\labeldll.tlog\link.13400.delete.1.tlog
c:\users\alex\desktop\credential access model\labeldll\labeldll\x64\debug\labeldll.tlog\link.13496.delete.1.tlog
c:\users\alex\desktop\credential access model\labeldll\labeldll\x64\debug\labeldll.tlog\link.14312.delete.1.tlog
c:\users\alex\desktop\credential access model\labeldll\labeldll\x64\debug\labeldll.tlog\link.1548.delete.1.tlog
c:\users\alex\desktop\credential access model\labeldll\labeldll\x64\debug\labeldll.tlog\link.1576.delete.1.tlog
c:\users\alex\desktop\credential access model\labeldll\labeldll\x64\debug\labeldll.tlog\link.2096.delete.1.tlog
c:\users\alex\desktop\credential access model\labeldll\labeldll\x64\debug\labeldll.tlog\link.336.delete.1.tlog
c:\users\alex\desktop\credential access model\labeldll\labeldll\x64\debug\labeldll.tlog\link.3464.delete.1.tlog
c:\users\alex\desktop\credential access model\labeldll\labeldll\x64\debug\labeldll.tlog\link.4324.delete.1.tlog
c:\users\alex\desktop\credential access model\labeldll\labeldll\x64\debug\labeldll.tlog\link.4588.delete.1.tlog
c:\users\alex\desktop\credential access model\labeldll\labeldll\x64\debug\labeldll.tlog\link.4900.delete.1.tlog
c:\users\alex\desktop\credential access model\labeldll\labeldll\x64\debug\labeldll.tlog\link.5092.delete.1.tlog
c:\users\alex\desktop\credential access model\labeldll\labeldll\x64\debug\labeldll.tlog\link.5136.delete.1.tlog
c:\users\alex\desktop\credential access model\labeldll\labeldll\x64\debug\labeldll.tlog\link.5800.delete.1.tlog
c:\users\alex\desktop\credential access model\labeldll\labeldll\x64\debug\labeldll.tlog\link.7336.delete.1.tlog
c:\users\alex\desktop\credential access model\labeldll\labeldll\x64\debug\labeldll.tlog\link.9088.delete.1.tlog
c:\users\alex\desktop\credential access model\labeldll\labeldll\x64\debug\labeldll.tlog\link.9948.delete.1.tlog
c:\users\alex\desktop\credential access model\labeldll\labeldll\x64\debug\labeldll.tlog\link.command.1.tlog
c:\users\alex\desktop\credential access model\labeldll\labeldll\x64\debug\labeldll.tlog\link.delete.1.tlog
c:\users\alex\desktop\credential access model\labeldll\labeldll\x64\debug\labeldll.tlog\link.read.1.tlog
c:\users\alex\desktop\credential access model\labeldll\labeldll\x64\debug\labeldll.tlog\link.write.1.tlog
